Using pre-set license
Built from '2021.2/staging' branch; Version is '2021.2.3f1 (32358a8527b4) revision 3290506'; Using compiler version '192829333'; Build Type 'Release'
OS: 'Windows 10 Home Single Language; OS build 22000.469; Version 2009; 64bit' Language: 'en' Physical Memory: 15733 MB
BatchMode: 1, IsHumanControllingUs: 0, StartBugReporterOnCrash: 0, Is64bit: 1, IsPro: 0

COMMAND LINE ARGUMENTS:
C:\Program Files\Unity\Hub\Editor\2021.2.3f1\Editor\Unity.exe
-adb2
-batchMode
-noUpm
-name
AssetImportWorker0
-projectPath
C:/Users/jimmy/Downloads/test
-logFile
Logs/AssetImportWorker0.log
-srvPort
49475
Successfully changed project path to: C:/Users/jimmy/Downloads/test
C:/Users/jimmy/Downloads/test
[UnityMemory] Configuration Parameters - Can be set up in boot.config
    "memorysetup-bucket-allocator-granularity=16"
    "memorysetup-bucket-allocator-bucket-count=8"
    "memorysetup-bucket-allocator-block-size=33554432"
    "memorysetup-bucket-allocator-block-count=8"
    "memorysetup-main-allocator-block-size=16777216"
    "memorysetup-thread-allocator-block-size=16777216"
    "memorysetup-gfx-main-allocator-block-size=16777216"
    "memorysetup-gfx-thread-allocator-block-size=16777216"
    "memorysetup-cache-allocator-block-size=4194304"
    "memorysetup-typetree-allocator-block-size=2097152"
    "memorysetup-profiler-bucket-allocator-granularity=16"
    "memorysetup-profiler-bucket-allocator-bucket-count=8"
    "memorysetup-profiler-bucket-allocator-block-size=33554432"
    "memorysetup-profiler-bucket-allocator-block-count=8"
    "memorysetup-profiler-allocator-block-size=16777216"
    "memorysetup-profiler-editor-allocator-block-size=1048576"
    "memorysetup-temp-allocator-size-main=16777216"
    "memorysetup-job-temp-allocator-block-size=2097152"
    "memorysetup-job-temp-allocator-block-size-background=1048576"
    "memorysetup-job-temp-allocator-reduction-small-platforms=262144"
    "memorysetup-temp-allocator-size-background-worker=32768"
    "memorysetup-temp-allocator-size-job-worker=262144"
    "memorysetup-temp-allocator-size-preload-manager=33554432"
    "memorysetup-temp-allocator-size-nav-mesh-worker=65536"
    "memorysetup-temp-allocator-size-audio-worker=65536"
    "memorysetup-temp-allocator-size-cloud-worker=32768"
    "memorysetup-temp-allocator-size-gi-baking-worker=262144"
    "memorysetup-temp-allocator-size-gfx=262144"
Refreshing native plugins compatible for Editor in 86.15 ms, found 5 plugins.
Preloading 1 native plugins for Editor in 0.83 ms.
Initialize engine version: 2021.2.3f1 (32358a8527b4)
[Subsystems] Discovering subsystems at path C:/Program Files/Unity/Hub/Editor/2021.2.3f1/Editor/Data/Resources/UnitySubsystems
[Subsystems] Discovering subsystems at path C:/Users/jimmy/Downloads/test/Assets
GfxDevice: creating device client; threaded=0; jobified=0
Direct3D:
    Version:  Direct3D 11.0 [level 11.1]
    Renderer: NVIDIA GeForce GTX 1650 Ti (ID=0x1f95)
    Vendor:   NVIDIA
    VRAM:     3962 MB
    Driver:   30.0.15.1165
Shader 'PointClouds/PointSplat': fallback shader 'PointClouds/PointSplatLegacy' not found
Initialize mono
Mono path[0] = 'C:/Program Files/Unity/Hub/Editor/2021.2.3f1/Editor/Data/Managed'
Mono path[1] = 'C:/Program Files/Unity/Hub/Editor/2021.2.3f1/Editor/Data/MonoBleedingEdge/lib/mono/unityjit-win32'
Mono config path = 'C:/Program Files/Unity/Hub/Editor/2021.2.3f1/Editor/Data/MonoBleedingEdge/etc'
Using monoOptions --debugger-agent=transport=dt_socket,embedding=1,server=y,suspend=n,address=127.0.0.1:56548
Begin MonoManager ReloadAssembly
Registering precompiled unity dll's ...
Register platform support module: C:/Program Files/Unity/Hub/Editor/2021.2.3f1/Editor/Data/PlaybackEngines/WindowsStandaloneSupport/UnityEditor.WindowsStandalone.Extensions.dll
Registered in 0.003484 seconds.
Native extension for WindowsStandalone target not found
Refreshing native plugins compatible for Editor in 81.18 ms, found 5 plugins.
Preloading 1 native plugins for Editor in 0.07 ms.
Mono: successfully reloaded assembly
- Completed reload, in  0.575 seconds
Domain Reload Profiling:
	ReloadAssembly (575ms)
		BeginReloadAssembly (62ms)
			ExecutionOrderSort (0ms)
			DisableScriptedObjects (0ms)
			BackupInstance (0ms)
			ReleaseScriptingObjects (0ms)
			CreateAndSetChildDomain (1ms)
		EndReloadAssembly (442ms)
			LoadAssemblies (60ms)
			RebuildTransferFunctionScriptingTraits (0ms)
			SetupTypeCache (103ms)
			ReleaseScriptCaches (0ms)
			RebuildScriptCaches (28ms)
			SetupLoadedEditorAssemblies (261ms)
				LogAssemblyErrors (0ms)
				InitializePlatformSupportModulesInManaged (15ms)
				SetLoadedEditorAssemblies (0ms)
				RefreshPlugins (81ms)
				BeforeProcessingInitializeOnLoad (1ms)
				ProcessInitializeOnLoadAttributes (118ms)
				ProcessInitializeOnLoadMethodAttributes (45ms)
				AfterProcessingInitializeOnLoad (0ms)
				EditorAssembliesLoaded (0ms)
			ExecutionOrderSort2 (0ms)
			AwakeInstancesAfterBackupRestoration (0ms)
Platform modules already initialized, skipping
Registering precompiled user dll's ...
Registered in 0.008095 seconds.
Begin MonoManager ReloadAssembly
Symbol file LoadedFromMemory doesn't match image C:\Users\jimmy\Downloads\test\Library\PackageCache\com.unity.visualscripting@1.7.5\Editor\VisualScripting.Core\Dependencies\DotNetZip\Unity.VisualScripting.IonicZip.dll
Symbol file LoadedFromMemory doesn't match image C:\Users\jimmy\Downloads\test\Library\PackageCache\com.unity.visualscripting@1.7.5\Editor\VisualScripting.Core\Dependencies\YamlDotNet\Unity.VisualScripting.YamlDotNet.dll
Native extension for WindowsStandalone target not found
Refreshing native plugins compatible for Editor in 0.81 ms, found 5 plugins.
Preloading 1 native plugins for Editor in 0.09 ms.
Package Manager log level set to [2]
[Package Manager] Server::Start -- Port 49858 was selected
[Package Manager] Cannot connect to Unity Package Manager local server
System.NullReferenceException: Object reference not set to an instance of an object
  at Vuforia.EditorClasses.ExtensionTypeProvider.GetVuforiaPackageAbsPath () [0x0004a] in <664162e2bf7f40388b13ee61d1693ae2>:0 
  at Vuforia.EditorClasses.ExtensionTypeProvider.IsPackageManager () [0x00000] in <664162e2bf7f40388b13ee61d1693ae2>:0 
  at Vuforia.EditorClasses.ExtensionTypeProvider.ResolvePluginType () [0x00009] in <664162e2bf7f40388b13ee61d1693ae2>:0 
  at Vuforia.EditorClasses.ExtensionTypeProvider.GetPluginType () [0x0000c] in <664162e2bf7f40388b13ee61d1693ae2>:0 
  at Vuforia.EditorClasses.VuforiaUtilities.IsVuforiaEnabledInPlayerSettings () [0x00000] in <664162e2bf7f40388b13ee61d1693ae2>:0 
  at VuforiaEnabledObserver..cctor () [0x00000] in <664162e2bf7f40388b13ee61d1693ae2>:0 
UnityEngine.StackTraceUtility:ExtractStackTrace ()
UnityEngine.DebugLogHandler:LogFormat (UnityEngine.LogType,UnityEngine.Object,string,object[])
UnityEngine.Logger:Log (UnityEngine.LogType,object)
UnityEngine.Debug:LogError (object)
UnityEditor.EditorAssemblies:ProcessInitializeOnLoadAttributes (System.Type[])

Mono: successfully reloaded assembly
- Completed reload, in  3.107 seconds
Domain Reload Profiling:
	ReloadAssembly (3108ms)
		BeginReloadAssembly (159ms)
			ExecutionOrderSort (0ms)
			DisableScriptedObjects (5ms)
			BackupInstance (0ms)
			ReleaseScriptingObjects (0ms)
			CreateAndSetChildDomain (21ms)
		EndReloadAssembly (2861ms)
			LoadAssemblies (69ms)
			RebuildTransferFunctionScriptingTraits (0ms)
			SetupTypeCache (245ms)
			ReleaseScriptCaches (1ms)
			RebuildScriptCaches (47ms)
			SetupLoadedEditorAssemblies (2399ms)
				LogAssemblyErrors (0ms)
				InitializePlatformSupportModulesInManaged (12ms)
				SetLoadedEditorAssemblies (0ms)
				RefreshPlugins (1ms)
				BeforeProcessingInitializeOnLoad (78ms)
				ProcessInitializeOnLoadAttributes (2277ms)
				ProcessInitializeOnLoadMethodAttributes (25ms)
				AfterProcessingInitializeOnLoad (5ms)
				EditorAssembliesLoaded (0ms)
			ExecutionOrderSort2 (0ms)
			AwakeInstancesAfterBackupRestoration (5ms)
Platform modules already initialized, skipping
========================================================================
Worker process is ready to serve import requests
Shader 'PointClouds/PointSplat': fallback shader 'PointClouds/PointSplatLegacy' not found
Launched and connected shader compiler UnityShaderCompiler.exe after 0.05 seconds
Refreshing native plugins compatible for Editor in 1.64 ms, found 5 plugins.
Preloading 1 native plugins for Editor in 0.10 ms.
Unloading 3258 Unused Serialized files (Serialized files now loaded: 0)
Unloading 54 unused Assets / (122.2 KB). Loaded Objects now: 3970.
Memory consumption went from 118.7 MB to 118.6 MB.
Total: 3.302300 ms (FindLiveObjects: 0.424900 ms CreateObjectMapping: 0.191500 ms MarkObjects: 2.556200 ms  DeleteObjects: 0.128000 ms)

AssetImportParameters requested are different than current active one (requested -> active):
  custom:video-decoder-ogg-theora: a1e56fd34408186e4bbccfd4996cb3dc -> 
  custom:container-muxer-webm: aa71ff27fc2769a1b78a27578f13a17b -> 
  custom:container-demuxer-webm: 4f35f7cbe854078d1ac9338744f61a02 -> 
  custom:video-encoder-webm-vp8: eb34c28f22e8b96e1ab97ce403110664 -> 
  custom:audio-encoder-webm-vorbis: bf7c407c2cedff20999df2af8eb42d56 -> 
  custom:framework-win-MediaFoundation: 216162199b28c13a410421893ffa2e32 -> 
  custom:container-demuxer-ogg: 62fdf1f143b41e24485cea50d1cbac27 -> 
  custom:video-decoder-webm-vp8: 9c59270c3fd7afecdb556c50c9e8de78 -> 
  custom:audio-decoder-ogg-vorbis: bf7c407c2cedff20999df2af8eb42d56 -> 
========================================================================
Received Import Request.
  Time since last request: 918691.054225 seconds.
  path: Assets
  artifactKey: Guid(00000000000000001000000000000000) Importer(815301076,1909f56bfc062723c751e8b465ee728b)
Start importing Assets using Guid(00000000000000001000000000000000) Importer(815301076,1909f56bfc062723c751e8b465ee728b)  -> (artifact id: '79842766b460edbeab6a34051e857a80') in 0.012544 seconds 
========================================================================
Received Import Request.
  Time since last request: 4.934129 seconds.
  path: Assets/My Assets
  artifactKey: Guid(e71bd28af10b2024fbce9f972149cc1a) Importer(815301076,1909f56bfc062723c751e8b465ee728b)
Start importing Assets/My Assets using Guid(e71bd28af10b2024fbce9f972149cc1a) Importer(815301076,1909f56bfc062723c751e8b465ee728b)  -> (artifact id: '00166a961b197e99712d9494c0a4c0f0') in 0.007843 seconds 
========================================================================
Received Import Request.
  Time since last request: 12.983910 seconds.
  path: Assets/My Assets/Material
  artifactKey: Guid(85461d2b6e2d5074e983847dcc16a7e3) Importer(815301076,1909f56bfc062723c751e8b465ee728b)
Start importing Assets/My Assets/Material using Guid(85461d2b6e2d5074e983847dcc16a7e3) Importer(815301076,1909f56bfc062723c751e8b465ee728b)  -> (artifact id: 'a63352bed47e26ab1a6d7b59d40daa8d') in 0.008469 seconds 
========================================================================
Received Import Request.
  Time since last request: 9.573087 seconds.
  path: Assets/My Assets/Texture
  artifactKey: Guid(5bc98dd5f3c56a14b8367fc0b7c307db) Importer(815301076,1909f56bfc062723c751e8b465ee728b)
Start importing Assets/My Assets/Texture using Guid(5bc98dd5f3c56a14b8367fc0b7c307db) Importer(815301076,1909f56bfc062723c751e8b465ee728b)  -> (artifact id: '76964f99c2fb57f642923cc85417d473') in 0.007996 seconds 
========================================================================
Received Import Request.
  Time since last request: 16.584233 seconds.
  path: Assets/My Assets/Castle OBJ.obj
  artifactKey: Guid(6089a13f6529d724495be9835286149b) Importer(815301076,1909f56bfc062723c751e8b465ee728b)
Start importing Assets/My Assets/Castle OBJ.obj using Guid(6089a13f6529d724495be9835286149b) Importer(815301076,1909f56bfc062723c751e8b465ee728b)  -> (artifact id: '85f98d6ee94d583d1d277a43f68e1f95') in 0.357881 seconds 
========================================================================
Received Import Request.
  Time since last request: 3.492594 seconds.
  path: Assets/My Assets/coffee_cup_obj.obj
  artifactKey: Guid(4f8b6d60b7e3b9e49aa295ef81c8b48b) Importer(815301076,1909f56bfc062723c751e8b465ee728b)
Start importing Assets/My Assets/coffee_cup_obj.obj using Guid(4f8b6d60b7e3b9e49aa295ef81c8b48b) Importer(815301076,1909f56bfc062723c751e8b465ee728b)  -> (artifact id: '4909bdb3afb4fd9c5beb367162eb89bb') in 0.029455 seconds 
========================================================================
Received Import Request.
  Time since last request: 3.562287 seconds.
  path: Assets/My Assets/theboss@Wave Hip Hop Dance.fbx
  artifactKey: Guid(ab6a051343144a24b8b6f4cd0940bf50) Importer(815301076,1909f56bfc062723c751e8b465ee728b)
Start importing Assets/My Assets/theboss@Wave Hip Hop Dance.fbx using Guid(ab6a051343144a24b8b6f4cd0940bf50) Importer(815301076,1909f56bfc062723c751e8b465ee728b)  -> (artifact id: '31e3edfc746fecdfca8d852fb66ec7ec') in 0.123486 seconds 
========================================================================
Received Import Request.
  Time since last request: 36.551792 seconds.
  path: Assets/Resources/VuforiaConfiguration.asset
  artifactKey: Guid(52f579f71fae6c144816eabcda90f47c) Importer(815301076,1909f56bfc062723c751e8b465ee728b)
Start importing Assets/Resources/VuforiaConfiguration.asset using Guid(52f579f71fae6c144816eabcda90f47c) Importer(815301076,1909f56bfc062723c751e8b465ee728b)  -> (artifact id: 'b6334d63ed70d6d9d79c30c32a7b9724') in 0.011881 seconds 
========================================================================
Received Import Request.
  Time since last request: 49.687790 seconds.
  path: Assets/My Assets/Texture/Base_color.png
  artifactKey: Guid(9e8c3a738c44c894a84b065e6e8401c4) Importer(815301076,1909f56bfc062723c751e8b465ee728b)
Start importing Assets/My Assets/Texture/Base_color.png using Guid(9e8c3a738c44c894a84b065e6e8401c4) Importer(815301076,1909f56bfc062723c751e8b465ee728b)  -> (artifact id: 'df8a035edba35a5d7aa00eaefdf84b2d') in 0.067545 seconds 
========================================================================
Received Import Request.
  Time since last request: 0.000028 seconds.
  path: Assets/My Assets/Texture/Ground and Fountain Texture.jpg
  artifactKey: Guid(c0d7831c4ba26ca46a37aca03531709b) Importer(815301076,1909f56bfc062723c751e8b465ee728b)
Start importing Assets/My Assets/Texture/Ground and Fountain Texture.jpg using Guid(c0d7831c4ba26ca46a37aca03531709b) Importer(815301076,1909f56bfc062723c751e8b465ee728b)  -> (artifact id: '1d0fe26222b09394210ddc8675537dd6') in 0.019478 seconds 
========================================================================
Received Import Request.
  Time since last request: 0.000028 seconds.
  path: Assets/My Assets/Texture/Towers Doors and Windows Texture.jpg
  artifactKey: Guid(b0f9e873cad5f8748b5e4e8f82bb791e) Importer(815301076,1909f56bfc062723c751e8b465ee728b)
Start importing Assets/My Assets/Texture/Towers Doors and Windows Texture.jpg using Guid(b0f9e873cad5f8748b5e4e8f82bb791e) Importer(815301076,1909f56bfc062723c751e8b465ee728b)  -> (artifact id: 'ecc2d9f100bc3c12da2f5de1fc8a3443') in 0.014514 seconds 
========================================================================
Received Import Request.
  Time since last request: 23.630433 seconds.
  path: Assets/My Assets/Texture/Base_color.mat
  artifactKey: Guid(39bface5fb240094396b5f444a41a09c) Importer(815301076,1909f56bfc062723c751e8b465ee728b)
Start importing Assets/My Assets/Texture/Base_color.mat using Guid(39bface5fb240094396b5f444a41a09c) Importer(815301076,1909f56bfc062723c751e8b465ee728b)  -> (artifact id: '3d7d544b469f41b5c4642c97a44d7fc4') in 0.016627 seconds 
========================================================================
Received Import Request.
  Time since last request: 183.546930 seconds.
  path: Assets/My Assets/Material/Clothes_MAT.mat
  artifactKey: Guid(c2895c3a18c7a994db5fbf97585e25f8) Importer(815301076,1909f56bfc062723c751e8b465ee728b)
Start importing Assets/My Assets/Material/Clothes_MAT.mat using Guid(c2895c3a18c7a994db5fbf97585e25f8) Importer(815301076,1909f56bfc062723c751e8b465ee728b)  -> (artifact id: '46952314c8b68e24ecb470f2e47ccde1') in 0.032375 seconds 
========================================================================
Received Import Request.
  Time since last request: 0.000033 seconds.
  path: Assets/My Assets/Material/Skin_MAT.mat
  artifactKey: Guid(b1e445f960553d443bf7f51389c87102) Importer(815301076,1909f56bfc062723c751e8b465ee728b)
Start importing Assets/My Assets/Material/Skin_MAT.mat using Guid(b1e445f960553d443bf7f51389c87102) Importer(815301076,1909f56bfc062723c751e8b465ee728b)  -> (artifact id: 'ae995619522f01d6fff9630069949d32') in 0.016785 seconds 
========================================================================
Received Prepare
Registering precompiled user dll's ...
Registered in 0.006106 seconds.
Begin MonoManager ReloadAssembly
Symbol file LoadedFromMemory doesn't match image C:\Users\jimmy\Downloads\test\Library\PackageCache\com.unity.visualscripting@1.7.5\Editor\VisualScripting.Core\Dependencies\DotNetZip\Unity.VisualScripting.IonicZip.dll
Symbol file LoadedFromMemory doesn't match image C:\Users\jimmy\Downloads\test\Library\PackageCache\com.unity.visualscripting@1.7.5\Editor\VisualScripting.Core\Dependencies\YamlDotNet\Unity.VisualScripting.YamlDotNet.dll
Native extension for WindowsStandalone target not found
Refreshing native plugins compatible for Editor in 0.98 ms, found 5 plugins.
Preloading 1 native plugins for Editor in 0.11 ms.
Mono: successfully reloaded assembly
- Completed reload, in  1.582 seconds
Domain Reload Profiling:
	ReloadAssembly (1583ms)
		BeginReloadAssembly (140ms)
			ExecutionOrderSort (0ms)
			DisableScriptedObjects (4ms)
			BackupInstance (0ms)
			ReleaseScriptingObjects (0ms)
			CreateAndSetChildDomain (35ms)
		EndReloadAssembly (1339ms)
			LoadAssemblies (76ms)
			RebuildTransferFunctionScriptingTraits (0ms)
			SetupTypeCache (257ms)
			ReleaseScriptCaches (2ms)
			RebuildScriptCaches (43ms)
			SetupLoadedEditorAssemblies (845ms)
				LogAssemblyErrors (0ms)
				InitializePlatformSupportModulesInManaged (14ms)
				SetLoadedEditorAssemblies (0ms)
				RefreshPlugins (1ms)
				BeforeProcessingInitializeOnLoad (61ms)
				ProcessInitializeOnLoadAttributes (738ms)
				ProcessInitializeOnLoadMethodAttributes (25ms)
				AfterProcessingInitializeOnLoad (5ms)
				EditorAssembliesLoaded (0ms)
			ExecutionOrderSort2 (0ms)
			AwakeInstancesAfterBackupRestoration (11ms)
Platform modules already initialized, skipping
Shader 'PointClouds/PointSplat': fallback shader 'PointClouds/PointSplatLegacy' not found
Refreshing native plugins compatible for Editor in 0.75 ms, found 5 plugins.
Preloading 1 native plugins for Editor in 0.07 ms.
Unloading 3245 Unused Serialized files (Serialized files now loaded: 0)
Unloading 49 unused Assets / (88.9 KB). Loaded Objects now: 4061.
Memory consumption went from 139.3 MB to 139.2 MB.
Total: 3.028800 ms (FindLiveObjects: 0.338300 ms CreateObjectMapping: 0.098700 ms MarkObjects: 2.497500 ms  DeleteObjects: 0.092600 ms)

AssetImportParameters requested are different than current active one (requested -> active):
  custom:video-decoder-ogg-theora: a1e56fd34408186e4bbccfd4996cb3dc -> 
  custom:container-muxer-webm: aa71ff27fc2769a1b78a27578f13a17b -> 
  custom:container-demuxer-webm: 4f35f7cbe854078d1ac9338744f61a02 -> 
  custom:video-encoder-webm-vp8: eb34c28f22e8b96e1ab97ce403110664 -> 
  custom:audio-encoder-webm-vorbis: bf7c407c2cedff20999df2af8eb42d56 -> 
  custom:framework-win-MediaFoundation: 216162199b28c13a410421893ffa2e32 -> 
  custom:container-demuxer-ogg: 62fdf1f143b41e24485cea50d1cbac27 -> 
  custom:video-decoder-webm-vp8: 9c59270c3fd7afecdb556c50c9e8de78 -> 
  custom:audio-decoder-ogg-vorbis: bf7c407c2cedff20999df2af8eb42d56 -> 
========================================================================
Received Prepare
Registering precompiled user dll's ...
Registered in 0.009293 seconds.
Begin MonoManager ReloadAssembly
Symbol file LoadedFromMemory doesn't match image C:\Users\jimmy\Downloads\test\Library\PackageCache\com.unity.visualscripting@1.7.5\Editor\VisualScripting.Core\Dependencies\DotNetZip\Unity.VisualScripting.IonicZip.dll
Symbol file LoadedFromMemory doesn't match image C:\Users\jimmy\Downloads\test\Library\PackageCache\com.unity.visualscripting@1.7.5\Editor\VisualScripting.Core\Dependencies\YamlDotNet\Unity.VisualScripting.YamlDotNet.dll
Native extension for WindowsStandalone target not found
Refreshing native plugins compatible for Editor in 0.79 ms, found 5 plugins.
Preloading 1 native plugins for Editor in 0.06 ms.
Mono: successfully reloaded assembly
- Completed reload, in  1.573 seconds
Domain Reload Profiling:
	ReloadAssembly (1574ms)
		BeginReloadAssembly (133ms)
			ExecutionOrderSort (0ms)
			DisableScriptedObjects (6ms)
			BackupInstance (0ms)
			ReleaseScriptingObjects (0ms)
			CreateAndSetChildDomain (40ms)
		EndReloadAssembly (1345ms)
			LoadAssemblies (70ms)
			RebuildTransferFunctionScriptingTraits (0ms)
			SetupTypeCache (256ms)
			ReleaseScriptCaches (1ms)
			RebuildScriptCaches (40ms)
			SetupLoadedEditorAssemblies (840ms)
				LogAssemblyErrors (0ms)
				InitializePlatformSupportModulesInManaged (11ms)
				SetLoadedEditorAssemblies (0ms)
				RefreshPlugins (1ms)
				BeforeProcessingInitializeOnLoad (58ms)
				ProcessInitializeOnLoadAttributes (738ms)
				ProcessInitializeOnLoadMethodAttributes (25ms)
				AfterProcessingInitializeOnLoad (6ms)
				EditorAssembliesLoaded (0ms)
			ExecutionOrderSort2 (0ms)
			AwakeInstancesAfterBackupRestoration (13ms)
Platform modules already initialized, skipping
Shader 'PointClouds/PointSplat': fallback shader 'PointClouds/PointSplatLegacy' not found
Refreshing native plugins compatible for Editor in 1.83 ms, found 5 plugins.
Preloading 1 native plugins for Editor in 0.10 ms.
Unloading 3242 Unused Serialized files (Serialized files now loaded: 0)
Unloading 49 unused Assets / (88.8 KB). Loaded Objects now: 4063.
Memory consumption went from 139.2 MB to 139.2 MB.
Total: 3.879000 ms (FindLiveObjects: 0.479900 ms CreateObjectMapping: 0.116900 ms MarkObjects: 3.104700 ms  DeleteObjects: 0.175400 ms)

AssetImportParameters requested are different than current active one (requested -> active):
  custom:video-decoder-ogg-theora: a1e56fd34408186e4bbccfd4996cb3dc -> 
  custom:container-muxer-webm: aa71ff27fc2769a1b78a27578f13a17b -> 
  custom:container-demuxer-webm: 4f35f7cbe854078d1ac9338744f61a02 -> 
  custom:video-encoder-webm-vp8: eb34c28f22e8b96e1ab97ce403110664 -> 
  custom:audio-encoder-webm-vorbis: bf7c407c2cedff20999df2af8eb42d56 -> 
  custom:framework-win-MediaFoundation: 216162199b28c13a410421893ffa2e32 -> 
  custom:container-demuxer-ogg: 62fdf1f143b41e24485cea50d1cbac27 -> 
  custom:video-decoder-webm-vp8: 9c59270c3fd7afecdb556c50c9e8de78 -> 
  custom:audio-decoder-ogg-vorbis: bf7c407c2cedff20999df2af8eb42d56 -> 
